mode: set
project/mock_api/controllers/bookController.go:15.61,17.2 1 0
project/mock_api/controllers/bookController.go:19.60,24.16 5 0
project/mock_api/controllers/bookController.go:27.2,30.4 1 0
project/mock_api/controllers/bookController.go:24.16,26.3 1 0
project/mock_api/controllers/paymentController.go:20.16,37.2 6 0
project/mock_api/controllers/paymentController.go:39.43,43.2 2 0
project/mock_api/controllers/userController.go:16.57,18.2 1 1
project/mock_api/controllers/userController.go:20.43,23.2 2 1
project/mock_api/controllers/userController.go:25.60,27.2 1 0
project/mock_api/controllers/userController.go:29.60,33.21 3 1
project/mock_api/controllers/userController.go:41.2,41.16 1 1
project/mock_api/controllers/userController.go:45.2,48.4 1 1
project/mock_api/controllers/userController.go:33.21,39.3 1 0
project/mock_api/controllers/userController.go:41.16,43.3 1 0
project/mock_api/controllers/userController.go:51.61,56.16 3 1
project/mock_api/controllers/userController.go:60.2,63.4 1 1
project/mock_api/controllers/userController.go:56.16,58.3 1 0
project/mock_api/controllers/userController.go:66.63,71.16 3 0
project/mock_api/controllers/userController.go:75.2,78.4 1 0
project/mock_api/controllers/userController.go:71.16,73.3 1 0
project/mock_api/controllers/userController.go:81.60,85.16 4 0
project/mock_api/controllers/userController.go:88.2,91.4 1 0
project/mock_api/controllers/userController.go:85.16,87.3 1 0
project/mock_api/controllers/userController.go:94.60,97.16 2 0
project/mock_api/controllers/userController.go:101.2,103.18 2 0
project/mock_api/controllers/userController.go:107.2,110.4 1 0
project/mock_api/controllers/userController.go:97.16,99.3 1 0
project/mock_api/controllers/userController.go:103.18,105.3 1 0
project/mock_api/controllers/userController.go:113.60,118.16 4 1
project/mock_api/controllers/userController.go:124.2,128.16 4 1
project/mock_api/controllers/userController.go:134.2,134.16 1 1
project/mock_api/controllers/userController.go:139.2,142.4 1 1
project/mock_api/controllers/userController.go:118.16,122.3 1 1
project/mock_api/controllers/userController.go:128.16,132.3 1 0
project/mock_api/controllers/userController.go:134.16,138.3 1 0
